<?xml version="1.0" encoding="UTF-8"?>
<!-- Generated by org.testng.reporters.JUnitReportReporter -->
<testsuite hostname="HANUMANJI-PC" name="com.amazon.test.LoginTest" tests="2" failures="0" timestamp="19 Sep 2017 18:50:38 GMT" time="2.983" errors="0">
  <testcase name="login" time="2.606" classname="com.amazon.test.LoginTest"/>
  <testcase name="login2" time="0.377" classname="com.amazon.test.LoginTest"/>
</testsuite> <!-- com.amazon.test.LoginTest -->
